2017-07-14 08:40:51,507 [Worker-7] INFO  c.g.t.t.d.PublishedGradleVersions - Gradle version information cache is not available. Remote download required.
2017-07-14 11:52:12,593 [Worker-3] INFO  c.g.t.t.d.PublishedGradleVersions - Gradle version information cache is up-to-date. Trying to read.
2017-07-14 15:17:18,089 [main] INFO  org.eclipse.jetty.util.log - Logging initialized @12375252ms to org.eclipse.jetty.util.log.Slf4jLog
2017-07-14 15:17:19,334 [main] INFO  org.eclipse.jetty.server.Server - jetty-9.4.5.v20170502
2017-07-14 15:17:19,380 [main] INFO  org.eclipse.jetty.server.session - DefaultSessionIdManager workerName=node0
2017-07-14 15:17:19,380 [main] INFO  org.eclipse.jetty.server.session - No SessionScavenger set, using defaults
2017-07-14 15:17:19,382 [main] INFO  org.eclipse.jetty.server.session - Scavenging every 600000ms
2017-07-14 15:17:19,412 [main] INFO  o.e.j.server.handler.ContextHandler - Started o.e.j.s.ServletContextHandler@1d998f67{/wse,null,AVAILABLE}
2017-07-14 15:17:19,449 [main] INFO  o.e.jetty.server.AbstractConnector - Started ServerConnector@263a26c3{HTTP/1.1,[http/1.1]}{0.0.0.0:65284}
2017-07-14 15:17:19,450 [main] INFO  org.eclipse.jetty.server.Server - Started @12376623ms
2017-07-22 13:15:59,505 [Worker-9] INFO  c.g.t.t.d.PublishedGradleVersions - Gradle version information cache is out-of-date. Trying to update.
2017-07-22 13:21:55,445 [main] INFO  org.eclipse.jetty.util.log - Logging initialized @498643ms to org.eclipse.jetty.util.log.Slf4jLog
2017-07-22 13:21:56,232 [main] INFO  org.eclipse.jetty.server.Server - jetty-9.4.5.v20170502
2017-07-22 13:21:56,255 [main] INFO  org.eclipse.jetty.server.session - DefaultSessionIdManager workerName=node0
2017-07-22 13:21:56,256 [main] INFO  org.eclipse.jetty.server.session - No SessionScavenger set, using defaults
2017-07-22 13:21:56,257 [main] INFO  org.eclipse.jetty.server.session - Scavenging every 660000ms
2017-07-22 13:21:56,444 [main] INFO  o.e.j.server.handler.ContextHandler - Started o.e.j.s.ServletContextHandler@3dcc6e62{/wse,null,AVAILABLE}
2017-07-22 13:21:56,471 [main] INFO  o.e.jetty.server.AbstractConnector - Started ServerConnector@7cac4b59{HTTP/1.1,[http/1.1]}{0.0.0.0:61158}
2017-07-22 13:21:56,471 [main] INFO  org.eclipse.jetty.server.Server - Started @499669ms
2017-07-22 22:14:26,831 [qtp228404286-118] WARN  o.eclipse.jetty.server.HttpChannel - /wse/uddi/actions/SelectNavigatorNodeActionJSP.jsp
org.apache.jasper.JasperException: java.lang.NullPointerException
	at org.apache.jasper.servlet.JspServletWrapper.service(JspServletWrapper.java:432) ~[na:na]
	at org.apache.jasper.servlet.JspServlet.serviceJspFile(JspServlet.java:492) ~[na:na]
	at org.apache.jasper.servlet.JspServlet.service(JspServlet.java:378) ~[na:na]
	at javax.servlet.http.HttpServlet.service(HttpServlet.java:790) ~[javax.servlet_3.1.0.v201410161800.jar:3.1.0]
	at org.eclipse.equinox.jsp.jasper.JspServlet.service(JspServlet.java:155) ~[na:na]
	at javax.servlet.http.HttpServlet.service(HttpServlet.java:790) ~[javax.servlet_3.1.0.v201410161800.jar:3.1.0]
	at org.eclipse.equinox.http.registry.internal.ServletManager$ServletWrapper.service(ServletManager.java:180) ~[na:na]
	at org.eclipse.equinox.http.servlet.internal.HttpServiceRuntimeImpl$LegacyServlet.service(HttpServiceRuntimeImpl.java:1223) ~[na:na]
	at org.eclipse.equinox.http.servlet.internal.registration.EndpointRegistration.service(EndpointRegistration.java:148) ~[na:na]
	at org.eclipse.equinox.http.servlet.internal.servlet.ResponseStateHandler.processRequest(ResponseStateHandler.java:62) ~[na:na]
	at org.eclipse.equinox.http.servlet.internal.context.DispatchTargets.doDispatch(DispatchTargets.java:131) ~[na:na]
	at org.eclipse.equinox.http.servlet.internal.servlet.ProxyServlet.service(ProxyServlet.java:74) ~[na:na]
	at javax.servlet.http.HttpServlet.service(HttpServlet.java:790) ~[javax.servlet_3.1.0.v201410161800.jar:3.1.0]
	at org.eclipse.equinox.http.jetty.internal.HttpServerManager$InternalHttpServiceServlet.service(HttpServerManager.java:284) ~[na:na]
	at org.eclipse.jetty.servlet.ServletHolder.handle(ServletHolder.java:841) ~[na:na]
	at org.eclipse.jetty.servlet.ServletHandler.doHandle(ServletHandler.java:535) ~[na:na]
	at org.eclipse.jetty.server.handler.ScopedHandler.nextHandle(ScopedHandler.java:188) ~[org.eclipse.jetty.server_9.4.5.v20170502.jar:9.4.5.v20170502]
	at org.eclipse.jetty.server.session.SessionHandler.doHandle(SessionHandler.java:1595) ~[org.eclipse.jetty.server_9.4.5.v20170502.jar:9.4.5.v20170502]
	at org.eclipse.jetty.server.handler.ScopedHandler.nextHandle(ScopedHandler.java:188) ~[org.eclipse.jetty.server_9.4.5.v20170502.jar:9.4.5.v20170502]
	at org.eclipse.jetty.server.handler.ContextHandler.doHandle(ContextHandler.java:1253) ~[org.eclipse.jetty.server_9.4.5.v20170502.jar:9.4.5.v20170502]
	at org.eclipse.jetty.server.handler.ScopedHandler.nextScope(ScopedHandler.java:168) ~[org.eclipse.jetty.server_9.4.5.v20170502.jar:9.4.5.v20170502]
	at org.eclipse.jetty.servlet.ServletHandler.doScope(ServletHandler.java:473) ~[na:na]
	at org.eclipse.jetty.server.session.SessionHandler.doScope(SessionHandler.java:1564) ~[org.eclipse.jetty.server_9.4.5.v20170502.jar:9.4.5.v20170502]
	at org.eclipse.jetty.server.handler.ScopedHandler.nextScope(ScopedHandler.java:166) ~[org.eclipse.jetty.server_9.4.5.v20170502.jar:9.4.5.v20170502]
	at org.eclipse.jetty.server.handler.ContextHandler.doScope(ContextHandler.java:1155) ~[org.eclipse.jetty.server_9.4.5.v20170502.jar:9.4.5.v20170502]
	at org.eclipse.jetty.server.handler.ScopedHandler.handle(ScopedHandler.java:141) ~[org.eclipse.jetty.server_9.4.5.v20170502.jar:9.4.5.v20170502]
	at org.eclipse.jetty.server.handler.HandlerWrapper.handle(HandlerWrapper.java:132) ~[org.eclipse.jetty.server_9.4.5.v20170502.jar:9.4.5.v20170502]
	at org.eclipse.jetty.server.Server.handle(Server.java:564) ~[org.eclipse.jetty.server_9.4.5.v20170502.jar:9.4.5.v20170502]
	at org.eclipse.jetty.server.HttpChannel.handle(HttpChannel.java:317) ~[org.eclipse.jetty.server_9.4.5.v20170502.jar:9.4.5.v20170502]
	at org.eclipse.jetty.server.HttpConnection.onFillable(HttpConnection.java:251) [org.eclipse.jetty.server_9.4.5.v20170502.jar:9.4.5.v20170502]
	at org.eclipse.jetty.io.AbstractConnection$ReadCallback.succeeded(AbstractConnection.java:279) [org.eclipse.jetty.io_9.4.5.v20170502.jar:9.4.5.v20170502]
	at org.eclipse.jetty.io.FillInterest.fillable(FillInterest.java:110) [org.eclipse.jetty.io_9.4.5.v20170502.jar:9.4.5.v20170502]
	at org.eclipse.jetty.io.ChannelEndPoint$2.run(ChannelEndPoint.java:124) [org.eclipse.jetty.io_9.4.5.v20170502.jar:9.4.5.v20170502]
	at org.eclipse.jetty.util.thread.Invocable.invokePreferred(Invocable.java:128) [org.eclipse.jetty.util_9.4.5.v20170502.jar:9.4.5.v20170502]
	at org.eclipse.jetty.util.thread.Invocable$InvocableExecutor.invoke(Invocable.java:222) [org.eclipse.jetty.util_9.4.5.v20170502.jar:9.4.5.v20170502]
	at org.eclipse.jetty.util.thread.strategy.EatWhatYouKill.doProduce(EatWhatYouKill.java:294) [org.eclipse.jetty.util_9.4.5.v20170502.jar:9.4.5.v20170502]
	at org.eclipse.jetty.util.thread.strategy.EatWhatYouKill.run(EatWhatYouKill.java:199) [org.eclipse.jetty.util_9.4.5.v20170502.jar:9.4.5.v20170502]
	at org.eclipse.jetty.util.thread.QueuedThreadPool.runJob(QueuedThreadPool.java:672) [org.eclipse.jetty.util_9.4.5.v20170502.jar:9.4.5.v20170502]
	at org.eclipse.jetty.util.thread.QueuedThreadPool$2.run(QueuedThreadPool.java:590) [org.eclipse.jetty.util_9.4.5.v20170502.jar:9.4.5.v20170502]
	at java.lang.Thread.run(Unknown Source) [na:1.8.0_112]
Caused by: java.lang.NullPointerException: null
	at org.eclipse.wst.ws.internal.explorer.platform.actions.NodeAction.isStaleNode(NodeAction.java:58) ~[na:na]
	at org.eclipse.wst.ws.internal.explorer.platform.actions.SelectNodeAction.run(SelectNodeAction.java:44) ~[na:na]
	at org.eclipse.wst.ws.internal.explorer.platform.engine.ActionEngine.executeAction(ActionEngine.java:221) ~[na:na]
	at org.eclipse.wst.ws.internal.explorer.platform.actions.Action.execute(Action.java:111) ~[na:na]
	at org.eclipse.wst.ws.internal.explorer.platform.actions.Action.execute(Action.java:105) ~[na:na]
	at org.apache.jsp.uddi.actions.SelectNavigatorNodeActionJSP_jsp._jspService(org.apache.jsp.uddi.actions.SelectNavigatorNodeActionJSP_jsp:86) ~[na:na]
	at org.apache.jasper.runtime.HttpJspBase.service(HttpJspBase.java:111) ~[na:na]
	at javax.servlet.http.HttpServlet.service(HttpServlet.java:790) ~[javax.servlet_3.1.0.v201410161800.jar:3.1.0]
	at org.apache.jasper.servlet.JspServletWrapper.service(JspServletWrapper.java:403) ~[na:na]
	... 39 common frames omitted
2017-07-23 01:29:58,728 [Framework stop] INFO  o.e.jetty.server.AbstractConnector - Stopped ServerConnector@7cac4b59{HTTP/1.1,[http/1.1]}{0.0.0.0:0}
2017-07-23 01:29:58,943 [Framework stop] INFO  org.eclipse.jetty.server.session - Stopped scavenging
2017-07-23 01:30:01,337 [Framework stop] INFO  o.e.j.server.handler.ContextHandler - Stopped o.e.j.s.ServletContextHandler@3dcc6e62{/wse,null,UNAVAILABLE}
2017-07-26 05:02:16,329 [Worker-7] INFO  c.g.t.t.d.PublishedGradleVersions - Gradle version information cache is out-of-date. Trying to update.
2017-07-26 05:17:35,660 [Worker-3] INFO  c.g.t.t.d.PublishedGradleVersions - Gradle version information cache is up-to-date. Trying to read.
